<?xml version="1.0" encoding="UTF-8"?>
<testsuites>
  <testsuite name="peraleks Test Suite" tests="1" assertions="1" errors="0" failures="0" skipped="0" time="0.007062">
    <testsuite name="League\Skeleton\ExampleTest" file="W:\dev\error-handler\tests\ExampleTest.php" tests="1" assertions="1" errors="0" failures="0" skipped="0" time="0.007062">
      <testcase name="testTrueIsTrue" class="League\Skeleton\ExampleTest" file="W:\dev\error-handler\tests\ExampleTest.php" line="10" assertions="1" time="0.007062"/>
    </testsuite>
  </testsuite>
</testsuites>
